<?xml version="1.0" encoding="UTF-8"?>
<testsuite name="com.mindex.challenge.controller.EmployeeControllerTest" tests="1" skipped="0" failures="0" errors="0" timestamp="2025-11-28T02:15:14" hostname="GEOFORCE-4090" time="0.006">
  <properties/>
  <testcase name="testCreate" classname="com.mindex.challenge.controller.EmployeeControllerTest" time="0.006"/>
  <system-out><![CDATA[2025-11-27T21:15:14.434-05:00  INFO 1952 --- [    Test worker] t.c.s.AnnotationConfigContextLoaderUtils : Could not detect default configuration classes for test class [com.mindex.challenge.controller.EmployeeControllerTest]: EmployeeControllerTest does not declare any static, non-private, non-final, nested classes annotated with @Configuration.
2025-11-27T21:15:14.441-05:00  INFO 1952 --- [    Test worker] .b.t.c.SpringBootTestContextBootstrapper : Found @SpringBootConfiguration com.mindex.challenge.ChallengeApplication for test class com.mindex.challenge.controller.EmployeeControllerTest

  .   ____          _            __ _ _
 /\\ / ___'_ __ _ _(_)_ __  __ _ \ \ \ \
( ( )\___ | '_ | '_| | '_ \/ _` | \ \ \ \
 \\/  ___)| |_)| | | | | || (_| |  ) ) ) )
  '  |____| .__|_| |_|_| |_\__, | / / / /
 =========|_|==============|___/=/_/_/_/
 :: Spring Boot ::                (v3.2.3)

2025-11-27T21:15:14.460-05:00  INFO 1952 --- [    Test worker] c.m.c.controller.EmployeeControllerTest  : Starting EmployeeControllerTest using Java 17.0.17 with PID 1952 (started by Christopher in C:\Users\Christopher\Downloads\mindex-code-challenge\mindex-code-challenge)
2025-11-27T21:15:14.460-05:00 DEBUG 1952 --- [    Test worker] c.m.c.controller.EmployeeControllerTest  : Running with Spring Boot v3.2.3, Spring v6.1.4
2025-11-27T21:15:14.461-05:00  INFO 1952 --- [    Test worker] c.m.c.controller.EmployeeControllerTest  : No active profile set, falling back to 1 default profile: "default"
2025-11-27T21:15:14.643-05:00  INFO 1952 --- [    Test worker] o.s.b.t.m.w.SpringBootMockServletContext : Initializing Spring TestDispatcherServlet ''
2025-11-27T21:15:14.643-05:00  INFO 1952 --- [    Test worker] o.s.t.web.servlet.TestDispatcherServlet  : Initializing Servlet ''
2025-11-27T21:15:14.643-05:00  INFO 1952 --- [    Test worker] o.s.t.web.servlet.TestDispatcherServlet  : Completed initialization in 0 ms
2025-11-27T21:15:14.647-05:00  INFO 1952 --- [    Test worker] c.m.c.controller.EmployeeControllerTest  : Started EmployeeControllerTest in 0.203 seconds (process running for 4.149)
2025-11-27T21:15:14.651-05:00 DEBUG 1952 --- [    Test worker] c.m.c.controller.EmployeeController      : Received employee create request for [com.mindex.challenge.data.Employee@65871cfd]
]]></system-out>
  <system-err><![CDATA[]]></system-err>
</testsuite>
